<?xml version="1.0" encoding="UTF-8"?>
<!-- Generated by org.testng.reporters.JUnitXMLReporter -->
<testsuite ignored="0" hostname="LMYPF1HJKSM" failures="0" tests="9" name="Default test" time="17.148" errors="0" timestamp="2021-08-08T00:16:03 SGT">
  <testcase classname="TestNGPkg.TestNGPractice1" name="openURL" time="3.746"/>
  <testcase classname="TestNGPkg.TestNGPractice1" name="keyInFirstName" time="0.121"/>
  <testcase classname="TestNGPkg.TestNGPractice1" name="keyInLastName" time="0.127"/>
  <testcase classname="TestNGPkg.TestNGPractice1" name="keyInEmail" time="0.135"/>
  <testcase classname="TestNGPkg.TestNGPractice1" name="keyInPhno" time="0.083"/>
  <testcase classname="TestNGPkg.TestNGPractice1" name="keyInPwd" time="0.075"/>
  <testcase classname="TestNGPkg.TestNGPractice1" name="keyInConfirmPwd" time="0.102"/>
  <testcase classname="TestNGPkg.TestNGPractice1" name="policy" time="0.075"/>
  <testcase classname="TestNGPkg.TestNGPractice1" name="submit" time="0.522"/>
</testsuite> <!-- Default test -->
