<?xml version="1.0" encoding="UTF-8"?>
<!-- Generated by org.testng.reporters.JUnitXMLReporter -->
<testsuite ignored="0" hostname="LMYPF1HJKSM" failures="0" tests="9" name="Practice2" time="14.488" errors="0" timestamp="2021-08-08T02:41:36 SGT">
  <testcase classname="TestNGPkg.TestNGPractice2" name="openURL" time="3.496"/>
  <testcase classname="TestNGPkg.TestNGPractice2" name="keyInFirstName" time="0.11"/>
  <testcase classname="TestNGPkg.TestNGPractice2" name="keyInLastName" time="0.089"/>
  <testcase classname="TestNGPkg.TestNGPractice2" name="keyInEmail" time="0.078"/>
  <testcase classname="TestNGPkg.TestNGPractice2" name="keyInPhno" time="0.056"/>
  <testcase classname="TestNGPkg.TestNGPractice2" name="keyInPwd" time="0.05"/>
  <testcase classname="TestNGPkg.TestNGPractice2" name="keyInConfirmPwd" time="0.052"/>
  <testcase classname="TestNGPkg.TestNGPractice2" name="policy" time="0.063"/>
  <testcase classname="TestNGPkg.TestNGPractice2" name="submit" time="0.464"/>
</testsuite> <!-- Practice2 -->
