<?xml version="1.0" encoding="UTF-8"?>
<!-- Generated by org.testng.reporters.JUnitXMLReporter -->
<testsuite ignored="0" hostname="LMYPF1HJKSM" failures="0" tests="9" name="Practice1" time="15.327" errors="0" timestamp="2021-08-08T00:27:12 SGT">
  <testcase classname="TestNGPkg.TestNGPractice1" name="openURL" time="3.428"/>
  <testcase classname="TestNGPkg.TestNGPractice1" name="keyInFirstName" time="0.116"/>
  <testcase classname="TestNGPkg.TestNGPractice1" name="keyInLastName" time="0.084"/>
  <testcase classname="TestNGPkg.TestNGPractice1" name="keyInEmail" time="0.138"/>
  <testcase classname="TestNGPkg.TestNGPractice1" name="keyInPhno" time="0.134"/>
  <testcase classname="TestNGPkg.TestNGPractice1" name="keyInPwd" time="0.1"/>
  <testcase classname="TestNGPkg.TestNGPractice1" name="keyInConfirmPwd" time="0.118"/>
  <testcase classname="TestNGPkg.TestNGPractice1" name="policy" time="0.088"/>
  <testcase classname="TestNGPkg.TestNGPractice1" name="submit" time="0.494"/>
</testsuite> <!-- Practice1 -->
